# JRE version: Java(TM) SE Runtime Environment (8.0_131-b11) (build 1.8.0_131-b11)
# Java VM: Java HotSpot(TM) 64-Bit Server VM (25.131-b11 mixed mode windows-amd64 compressed oops)
Heap:
 PSYoungGen      total 583680K, used 173315K [0x000000076b380000, 0x0000000793680000, 0x00000007c0000000)
  eden space 537600K, 23% used [0x000000076b380000,0x0000000773074b60,0x000000078c080000)
  from space 46080K, 98% used [0x0000000790980000,0x00000007935cc0e0,0x0000000793680000)
  to   space 60416K, 0% used [0x000000078c080000,0x000000078c080000,0x000000078fb80000)
 ParOldGen       total 478208K, used 196901K [0x00000006c1a00000, 0x00000006ded00000, 0x000000076b380000)
  object space 478208K, 41% used [0x00000006c1a00000,0x00000006cda49758,0x00000006ded00000)
 Metaspace       used 51894K, capacity 54502K, committed 54872K, reserved 1097728K
  class space    used 6477K, capacity 7485K, committed 7552K, reserved 1048576K
GC Heap History (10 events):
Event: 7.079 GC heap before
{Heap before GC invocations=15 (full 2):
 PSYoungGen      total 315904K, used 297631K [0x000000076b380000, 0x0000000780780000, 0x00000007c0000000)
  eden space 289792K, 100% used [0x000000076b380000,0x000000077ce80000,0x000000077ce80000)
  from space 26112K, 30% used [0x000000077ee00000,0x000000077f5a7f20,0x0000000780780000)
  to   space 29184K, 0% used [0x000000077ce80000,0x000000077ce80000,0x000000077eb00000)
 ParOldGen       total 238080K, used 126356K [0x00000006c1a00000, 0x00000006d0280000, 0x000000076b380000)
  object space 238080K, 53% used [0x00000006c1a00000,0x00000006c95652e8,0x00000006d0280000)
 Metaspace       used 42259K, capacity 44668K, committed 44888K, reserved 1087488K
  class space    used 5263K, capacity 6210K, committed 6272K, reserved 1048576K
Event: 7.092 GC heap after
Heap after GC invocations=15 (full 2):
 PSYoungGen      total 318976K, used 19488K [0x000000076b380000, 0x0000000786880000, 0x00000007c0000000)
  eden space 289792K, 0% used [0x000000076b380000,0x000000076b380000,0x000000077ce80000)
  from space 29184K, 66% used [0x000000077ce80000,0x000000077e188000,0x000000077eb00000)
  to   space 29184K, 0% used [0x0000000784c00000,0x0000000784c00000,0x0000000786880000)
 ParOldGen       total 238080K, used 130020K [0x00000006c1a00000, 0x00000006d0280000, 0x000000076b380000)
  object space 238080K, 54% used [0x00000006c1a00000,0x00000006c98f92e8,0x00000006d0280000)
 Metaspace       used 42259K, capacity 44668K, committed 44888K, reserved 1087488K
  class space    used 5263K, capacity 6210K, committed 6272K, reserved 1048576K
}
Event: 7.156 GC heap before
{Heap before GC invocations=16 (full 2):
 PSYoungGen      total 318976K, used 309280K [0x000000076b380000, 0x0000000786880000, 0x00000007c0000000)
  eden space 289792K, 100% used [0x000000076b380000,0x000000077ce80000,0x000000077ce80000)
  from space 29184K, 66% used [0x000000077ce80000,0x000000077e188000,0x000000077eb00000)
  to   space 29184K, 0% used [0x0000000784c00000,0x0000000784c00000,0x0000000786880000)
 ParOldGen       total 238080K, used 130020K [0x00000006c1a00000, 0x00000006d0280000, 0x000000076b380000)
  object space 238080K, 54% used [0x00000006c1a00000,0x00000006c98f92e8,0x00000006d0280000)
 Metaspace       used 42282K, capacity 44732K, committed 45144K, reserved 1087488K
  class space    used 5264K, capacity 6210K, committed 6272K, reserved 1048576K
Event: 7.168 GC heap after
Heap after GC invocations=16 (full 2):
 PSYoungGen      total 416768K, used 864K [0x000000076b380000, 0x0000000788680000, 0x00000007c0000000)
  eden space 387584K, 0% used [0x000000076b380000,0x000000076b380000,0x0000000782e00000)
  from space 29184K, 2% used [0x0000000784c00000,0x0000000784cd8000,0x0000000786880000)
  to   space 30720K, 0% used [0x0000000782e00000,0x0000000782e00000,0x0000000784c00000)
 ParOldGen       total 238080K, used 149099K [0x00000006c1a00000, 0x00000006d0280000, 0x000000076b380000)
  object space 238080K, 62% used [0x00000006c1a00000,0x00000006cab9af98,0x00000006d0280000)
 Metaspace       used 42282K, capacity 44732K, committed 45144K, reserved 1087488K
  class space    used 5264K, capacity 6210K, committed 6272K, reserved 1048576K
}
Event: 7.564 GC heap before
{Heap before GC invocations=17 (full 2):
 PSYoungGen      total 416768K, used 388448K [0x000000076b380000, 0x0000000788680000, 0x00000007c0000000)
  eden space 387584K, 100% used [0x000000076b380000,0x0000000782e00000,0x0000000782e00000)
  from space 29184K, 2% used [0x0000000784c00000,0x0000000784cd8000,0x0000000786880000)
  to   space 30720K, 0% used [0x0000000782e00000,0x0000000782e00000,0x0000000784c00000)
 ParOldGen       total 238080K, used 149099K [0x00000006c1a00000, 0x00000006d0280000, 0x000000076b380000)
  object space 238080K, 62% used [0x00000006c1a00000,0x00000006cab9af98,0x00000006d0280000)
 Metaspace       used 42703K, capacity 45148K, committed 45400K, reserved 1089536K
  class space    used 5300K, capacity 6242K, committed 6272K, reserved 1048576K
Event: 7.591 GC heap after
Heap after GC invocations=17 (full 2):
 PSYoungGen      total 418304K, used 30696K [0x000000076b380000, 0x0000000793e80000, 0x00000007c0000000)
  eden space 387584K, 0% used [0x000000076b380000,0x000000076b380000,0x0000000782e00000)
  from space 30720K, 99% used [0x0000000782e00000,0x0000000784bfa2d8,0x0000000784c00000)
  to   space 54272K, 0% used [0x0000000790980000,0x0000000790980000,0x0000000793e80000)
 ParOldGen       total 238080K, used 201637K [0x00000006c1a00000, 0x00000006d0280000, 0x000000076b380000)
  object space 238080K, 84% used [0x00000006c1a00000,0x00000006cdee96b8,0x00000006d0280000)
 Metaspace       used 42703K, capacity 45148K, committed 45400K, reserved 1089536K
  class space    used 5300K, capacity 6242K, committed 6272K, reserved 1048576K
}
Event: 7.591 GC heap before
{Heap before GC invocations=18 (full 3):
 PSYoungGen      total 418304K, used 30696K [0x000000076b380000, 0x0000000793e80000, 0x00000007c0000000)
  eden space 387584K, 0% used [0x000000076b380000,0x000000076b380000,0x0000000782e00000)
  from space 30720K, 99% used [0x0000000782e00000,0x0000000784bfa2d8,0x0000000784c00000)
  to   space 54272K, 0% used [0x0000000790980000,0x0000000790980000,0x0000000793e80000)
 ParOldGen       total 238080K, used 201637K [0x00000006c1a00000, 0x00000006d0280000, 0x000000076b380000)
  object space 238080K, 84% used [0x00000006c1a00000,0x00000006cdee96b8,0x00000006d0280000)
 Metaspace       used 42703K, capacity 45148K, committed 45400K, reserved 1089536K
  class space    used 5300K, capacity 6242K, committed 6272K, reserved 1048576K
Event: 7.769 GC heap after
Heap after GC invocations=18 (full 3):
 PSYoungGen      total 418304K, used 0K [0x000000076b380000, 0x0000000793e80000, 0x00000007c0000000)
  eden space 387584K, 0% used [0x000000076b380000,0x000000076b380000,0x0000000782e00000)
  from space 30720K, 0% used [0x0000000782e00000,0x0000000782e00000,0x0000000784c00000)
  to   space 54272K, 0% used [0x0000000790980000,0x0000000790980000,0x0000000793e80000)
 ParOldGen       total 478208K, used 196893K [0x00000006c1a00000, 0x00000006ded00000, 0x000000076b380000)
  object space 478208K, 41% used [0x00000006c1a00000,0x00000006cda47758,0x00000006ded00000)
 Metaspace       used 42703K, capacity 45148K, committed 45400K, reserved 1089536K
  class space    used 5300K, capacity 6242K, committed 6272K, reserved 1048576K
}
Event: 9.236 GC heap before
{Heap before GC invocations=19 (full 3):
 PSYoungGen      total 418304K, used 387584K [0x000000076b380000, 0x0000000793e80000, 0x00000007c0000000)
  eden space 387584K, 100% used [0x000000076b380000,0x0000000782e00000,0x0000000782e00000)
  from space 30720K, 0% used [0x0000000782e00000,0x0000000782e00000,0x0000000784c00000)
  to   space 54272K, 0% used [0x0000000790980000,0x0000000790980000,0x0000000793e80000)
 ParOldGen       total 478208K, used 196893K [0x00000006c1a00000, 0x00000006ded00000, 0x000000076b380000)
  object space 478208K, 41% used [0x00000006c1a00000,0x00000006cda47758,0x00000006ded00000)
 Metaspace       used 47671K, capacity 50076K, committed 50520K, reserved 1093632K
  class space    used 5948K, capacity 6930K, committed 7040K, reserved 1048576K
Event: 9.253 GC heap after
Heap after GC invocations=19 (full 3):
 PSYoungGen      total 583680K, used 45360K [0x000000076b380000, 0x0000000793680000, 0x00000007c0000000)
  eden space 537600K, 0% used [0x000000076b380000,0x000000076b380000,0x000000078c080000)
  from space 46080K, 98% used [0x0000000790980000,0x00000007935cc0e0,0x0000000793680000)
  to   space 60416K, 0% used [0x000000078c080000,0x000000078c080000,0x000000078fb80000)
 ParOldGen       total 478208K, used 196901K [0x00000006c1a00000, 0x00000006ded00000, 0x000000076b380000)
  object space 478208K, 41% used [0x00000006c1a00000,0x00000006cda49758,0x00000006ded00000)
 Metaspace       used 47671K, capacity 50076K, committed 50520K, reserved 1093632K
  class space    used 5948K, capacity 6930K, committed 7040K, reserved 1048576K
}

